<?xml version="1.0" encoding="UTF-8"?>
<!-- Generated by org.testng.reporters.JUnitReportReporter -->
<testsuite hostname="Orangelt0270" failures="0" tests="1" name="tvs.com.Homepage" time="47.084" errors="0" timestamp="2024-05-26T15:10:37 IST" skipped="0">
  <testcase classname="tvs.com.Homepage" name="Addtocart" time="47.084"/>
  <system-out/>
</testsuite> <!-- tvs.com.Homepage -->
