<?xml version="1.0" encoding="UTF-8"?>
<!-- Generated by org.testng.reporters.JUnitReportReporter -->
<testsuite hostname="Orangelt0270" failures="0" tests="1" name="tvs.com.TestNG" time="62.968" errors="0" timestamp="2024-02-18T12:26:02 IST" skipped="0">
  <testcase classname="tvs.com.TestNG" name="openTVS" time="62.968"/>
  <system-out/>
</testsuite> <!-- tvs.com.TestNG -->
